<?xml version="1.0" encoding="UTF-8"?>
<testng-results ignored="0" total="2" passed="2" failed="0" skipped="0">
  <reporter-output>
  </reporter-output>
  <suite started-at="2025-02-19T17:14:56 IST" name="Default suite" finished-at="2025-02-19T17:15:14 IST" duration-ms="17478">
    <groups>
    </groups>
    <test started-at="2025-02-19T17:14:56 IST" name="Default test" finished-at="2025-02-19T17:15:14 IST" duration-ms="17478">
      <class name="com.Youtube.Slider">
        <test-method is-config="true" signature="launch()[pri:0, instance:com.Youtube.Slider@2f4948e4]" started-at="2025-02-19T17:14:45 IST" name="launch" finished-at="2025-02-19T17:14:56 IST" duration-ms="11305" status="PASS">
          <reporter-output>
          </reporter-output>
        </test-method> <!-- launch -->
        <test-method signature="skipAdd()[pri:0, instance:com.Youtube.Slider@2f4948e4]" started-at="2025-02-19T17:14:56 IST" name="skipAdd" finished-at="2025-02-19T17:14:58 IST" duration-ms="1213" status="PASS">
          <reporter-output>
          </reporter-output>
        </test-method> <!-- skipAdd -->
        <test-method signature="slider()[pri:0, instance:com.Youtube.Slider@2f4948e4]" started-at="2025-02-19T17:14:58 IST" name="slider" finished-at="2025-02-19T17:15:14 IST" depends-on-methods="com.Youtube.Slider.skipAdd" duration-ms="16179" status="PASS">
          <reporter-output>
          </reporter-output>
        </test-method> <!-- slider -->
        <test-method is-config="true" signature="teardown()[pri:0, instance:com.Youtube.Slider@2f4948e4]" started-at="2025-02-19T17:15:14 IST" name="teardown" finished-at="2025-02-19T17:15:14 IST" duration-ms="0" status="PASS">
          <reporter-output>
          </reporter-output>
        </test-method> <!-- teardown -->
      </class> <!-- com.Youtube.Slider -->
    </test> <!-- Default test -->
  </suite> <!-- Default suite -->
</testng-results>
